#! /usr/local/bin/vvp
:ivl_version "11.0 (devel)" "(s20150603-911-gd1d6c0f5-dirty)";
:ivl_delay_selection "TYPICAL";
:vpi_time_precision + 0;
:vpi_module "/usr/local/lib/ivl/system.vpi";
:vpi_module "/usr/local/lib/ivl/vhdl_sys.vpi";
:vpi_module "/usr/local/lib/ivl/vhdl_textio.vpi";
:vpi_module "/usr/local/lib/ivl/v2005_math.vpi";
:vpi_module "/usr/local/lib/ivl/va_math.vpi";
S_0x563bd360f950 .scope module, "multiply_large" "multiply_large" 2 32;
 .timescale 0 0;
v0x563bf075cf70_0 .var "a", 0 64;
v0x563bf075d030_0 .var "b", 0 64;
v0x563bf075d100_0 .net "c", 0 64, L_0x563bf075d640;  1 drivers
v0x563bf075d1d0_0 .var "d", 0 64;
v0x563bf075d2b0_0 .var/i "i", 31 0;
v0x563bf075d3e0_0 .var/i "j", 31 0;
v0x563bf075d4c0_0 .var "rc", 0 0;
v0x563bf075d580_0 .net "s", 0 64, L_0x563bf075d850;  1 drivers
L_0x563bf075d640 .arith/mult 65, v0x563bf075cf70_0, v0x563bf075d030_0;
S_0x563bf070c720 .scope module, "mpy" "multiplier" 2 41, 2 6 0, S_0x563bd360f950;
 .timescale 0 0;
    .port_info 0 /INPUT 65 "a";
    .port_info 1 /INPUT 65 "b";
    .port_info 2 /OUTPUT 65 "sum";
P_0x563bf070c8b0 .param/l "N" 0 2 7, +C4<00000000000000000000000001000001>;
v0x563bd3635910_0 .net *"_ivl_1", 65 0, L_0x563bf075d7b0;  1 drivers
v0x563bf075ca30_0 .net "a", 64 0, v0x563bf075cf70_0;  1 drivers
v0x563bf075cb10_0 .net "b", 64 0, v0x563bf075d030_0;  1 drivers
v0x563bf075cc00_0 .var/i "i", 31 0;
v0x563bf075cce0_0 .net "sum", 64 0, L_0x563bf075d850;  alias, 1 drivers
v0x563bf075ce10_0 .var "tmp", 128 0;
E_0x563bf070c150 .event posedge, v0x563bf075ca30_0;
E_0x563bf070c0e0 .event edge, v0x563bf075cb10_0, v0x563bf075ca30_0;
L_0x563bf075d7b0 .part v0x563bf075ce10_0, 0, 66;
L_0x563bf075d850 .part L_0x563bf075d7b0, 0, 65;
    .scope S_0x563bf070c720;
T_0 ;
    %wait E_0x563bf070c0e0;
    %pushi/vec4 0, 0, 129;
    %store/vec4 v0x563bf075ce10_0, 0, 129;
    %pushi/vec4 0, 0, 32;
    %store/vec4 v0x563bf075cc00_0, 0, 32;
T_0.0 ;
    %load/vec4 v0x563bf075cc00_0;
    %cmpi/s 65, 0, 32;
    %jmp/0xz T_0.1, 5;
    %load/vec4 v0x563bf075cb10_0;
    %load/vec4 v0x563bf075cc00_0;
    %part/s 1;
    %flag_set/vec4 8;
    %jmp/0xz  T_0.2, 8;
    %load/vec4 v0x563bf075ce10_0;
    %pad/u 130;
    %pushi/vec4 0, 0, 65;
    %load/vec4 v0x563bf075ca30_0;
    %concat/vec4; draw_concat_vec4
    %load/vec4 v0x563bf075cc00_0;
    %ix/vec4 4;
    %shiftl 4;
    %add;
    %pad/u 129;
    %store/vec4 v0x563bf075ce10_0, 0, 129;
T_0.2 ;
    %load/vec4 v0x563bf075cc00_0;
    %addi 1, 0, 32;
    %store/vec4 v0x563bf075cc00_0, 0, 32;
    %jmp T_0.0;
T_0.1 ;
    %jmp T_0;
    .thread T_0, $push;
    .scope S_0x563bf070c720;
T_1 ;
    %wait E_0x563bf070c150;
    %pushi/vec4 0, 0, 1;
    %assign/vec4 v0x563bf075d4c0_0, 0;
    %jmp T_1;
    .thread T_1;
    .scope S_0x563bf070c720;
T_2 ;
    %wait E_0x563bf070c150;
    %pushi/vec4 1, 0, 1;
    %assign/vec4 v0x563bf075d4c0_0, 0;
    %jmp T_2;
    .thread T_2;
    .scope S_0x563bd360f950;
T_3 ;
    %pushi/vec4 0, 0, 1;
    %store/vec4 v0x563bf075d4c0_0, 0, 1;
    %pushi/vec4 1, 0, 65;
    %store/vec4 v0x563bf075cf70_0, 0, 65;
    %pushi/vec4 0, 0, 32;
    %store/vec4 v0x563bf075d2b0_0, 0, 32;
T_3.0 ;
    %load/vec4 v0x563bf075d2b0_0;
    %cmpi/s 65, 0, 32;
    %jmp/0xz T_3.1, 5;
    %pushi/vec4 1, 0, 65;
    %store/vec4 v0x563bf075d030_0, 0, 65;
    %pushi/vec4 0, 0, 32;
    %store/vec4 v0x563bf075d3e0_0, 0, 32;
T_3.2 ;
    %load/vec4 v0x563bf075d3e0_0;
    %cmpi/s 65, 0, 32;
    %jmp/0xz T_3.3, 5;
    %delay 1, 0;
    %load/vec4 v0x563bf075cf70_0;
    %load/vec4 v0x563bf075d030_0;
    %mul;
    %store/vec4 v0x563bf075d1d0_0, 0, 65;
    %load/vec4 v0x563bf075d100_0;
    %load/vec4 v0x563bf075d1d0_0;
    %cmp/ne;
    %flag_mov 8, 4;
    %load/vec4 v0x563bf075d100_0;
    %load/vec4 v0x563bf075d580_0;
    %cmp/ne;
    %flag_or 4, 8;
    %jmp/0xz  T_3.4, 4;
	  %vpi_call 2 61 "$display", "a=%h b=%h c=%h d=%h s=%h", v0x563bf075cf70_0, v0x563bf075d030_0, v0x563bf075d100_0, v0x563bf075d1d0_0, v0x563bf075d580_0 {0 0 0};
    %pushi/vec4 1, 0, 1;
    %store/vec4 v0x563bf075d4c0_0, 0, 1;
T_3.4 ;
    %load/vec4 v0x563bf075d030_0;
    %parti/s 64, 0, 2;
    %concati/vec4 0, 0, 1;
    %store/vec4 v0x563bf075d030_0, 0, 65;
    %load/vec4 v0x563bf075d3e0_0;
    %addi 1, 0, 32;
    %store/vec4 v0x563bf075d3e0_0, 0, 32;
    %jmp T_3.2;
T_3.3 ;
    %load/vec4 v0x563bf075cf70_0;
    %parti/s 64, 0, 2;
    %concati/vec4 0, 0, 1;
    %store/vec4 v0x563bf075cf70_0, 0, 65;
    %load/vec4 v0x563bf075d2b0_0;
    %addi 1, 0, 32;
    %store/vec4 v0x563bf075d2b0_0, 0, 32;
    %jmp T_3.0;
T_3.1 ;
    %pushi/vec4 4294967295, 0, 32;
    %concati/vec4 4294967295, 0, 32;
    %concati/vec4 0, 0, 1;
    %store/vec4 v0x563bf075cf70_0, 0, 65;
    %pushi/vec4 0, 0, 32;
    %store/vec4 v0x563bf075d2b0_0, 0, 32;
T_3.6 ;
    %load/vec4 v0x563bf075d2b0_0;
    %cmpi/s 65, 0, 32;
    %jmp/0xz T_3.7, 5;
    %pushi/vec4 4294967295, 0, 32;
    %concati/vec4 4294967295, 0, 32;
    %concati/vec4 0, 0, 1;
    %store/vec4 v0x563bf075d030_0, 0, 65;
    %pushi/vec4 0, 0, 32;
    %store/vec4 v0x563bf075d3e0_0, 0, 32;
T_3.8 ;
    %load/vec4 v0x563bf075d3e0_0;
    %cmpi/s 65, 0, 32;
    %jmp/0xz T_3.9, 5;
    %delay 1, 0;
    %load/vec4 v0x563bf075cf70_0;
    %load/vec4 v0x563bf075d030_0;
    %mul;
    %store/vec4 v0x563bf075d1d0_0, 0, 65;
    %load/vec4 v0x563bf075d100_0;
    %load/vec4 v0x563bf075d1d0_0;
    %cmp/ne;
    %flag_mov 8, 4;
    %load/vec4 v0x563bf075d100_0;
    %load/vec4 v0x563bf075d580_0;
    %cmp/ne;
    %flag_or 4, 8;
    %jmp/0xz  T_3.10, 4;
	  %vpi_call 2 79 "$display", "a=%h b=%h c=%h d=%h s=%h", v0x563bf075cf70_0, v0x563bf075d030_0, v0x563bf075d100_0, v0x563bf075d1d0_0, v0x563bf075d580_0 {0 0 0};
    %pushi/vec4 1, 0, 1;
    %store/vec4 v0x563bf075d4c0_0, 0, 1;
T_3.10 ;
    %load/vec4 v0x563bf075d030_0;
    %parti/s 64, 0, 2;
    %concati/vec4 1, 0, 1;
    %store/vec4 v0x563bf075d030_0, 0, 65;
    %load/vec4 v0x563bf075d3e0_0;
    %addi 1, 0, 32;
    %store/vec4 v0x563bf075d3e0_0, 0, 32;
    %jmp T_3.8;
T_3.9 ;
    %load/vec4 v0x563bf075cf70_0;
    %parti/s 64, 0, 2;
    %concati/vec4 1, 0, 1;
    %store/vec4 v0x563bf075cf70_0, 0, 65;
    %load/vec4 v0x563bf075d2b0_0;
    %addi 1, 0, 32;
    %store/vec4 v0x563bf075d2b0_0, 0, 32;
    %jmp T_3.6;
T_3.7 ;
    %pushi/vec4 3, 0, 65;
    %store/vec4 v0x563bf075cf70_0, 0, 65;
    %pushi/vec4 0, 0, 32;
    %store/vec4 v0x563bf075d2b0_0, 0, 32;
T_3.12 ;
    %load/vec4 v0x563bf075d2b0_0;
    %cmpi/s 65, 0, 32;
    %jmp/0xz T_3.13, 5;
    %pushi/vec4 3, 0, 65;
    %store/vec4 v0x563bf075d030_0, 0, 65;
    %pushi/vec4 0, 0, 32;
    %store/vec4 v0x563bf075d3e0_0, 0, 32;
T_3.14 ;
    %load/vec4 v0x563bf075d3e0_0;
    %cmpi/s 65, 0, 32;
    %jmp/0xz T_3.15, 5;
    %delay 1, 0;
    %load/vec4 v0x563bf075cf70_0;
    %load/vec4 v0x563bf075d030_0;
    %mul;
    %store/vec4 v0x563bf075d1d0_0, 0, 65;
    %load/vec4 v0x563bf075d100_0;
    %load/vec4 v0x563bf075d1d0_0;
    %cmp/ne;
    %flag_mov 8, 4;
    %load/vec4 v0x563bf075d100_0;
    %load/vec4 v0x563bf075d580_0;
    %cmp/ne;
    %flag_or 4, 8;
    %jmp/0xz  T_3.16, 4;
	  %vpi_call 2 97 "$display", "a=%h b=%h c=%h d=%h s=%h", v0x563bf075cf70_0, v0x563bf075d030_0, v0x563bf075d100_0, v0x563bf075d1d0_0, v0x563bf075d580_0 {0 0 0};
    %pushi/vec4 1, 0, 1;
    %store/vec4 v0x563bf075d4c0_0, 0, 1;
T_3.16 ;
    %load/vec4 v0x563bf075d030_0;
    %parti/s 64, 0, 2;
    %concati/vec4 0, 0, 1;
    %store/vec4 v0x563bf075d030_0, 0, 65;
    %load/vec4 v0x563bf075d3e0_0;
    %addi 1, 0, 32;
    %store/vec4 v0x563bf075d3e0_0, 0, 32;
    %jmp T_3.14;
T_3.15 ;
    %load/vec4 v0x563bf075cf70_0;
    %parti/s 64, 0, 2;
    %concati/vec4 0, 0, 1;
    %store/vec4 v0x563bf075cf70_0, 0, 65;
    %load/vec4 v0x563bf075d2b0_0;
    %addi 1, 0, 32;
    %store/vec4 v0x563bf075d2b0_0, 0, 32;
    %jmp T_3.12;
T_3.13 ;
    %pushi/vec4 4294967295, 0, 32;
    %concati/vec4 4294967294, 0, 32;
    %concati/vec4 0, 0, 1;
    %store/vec4 v0x563bf075cf70_0, 0, 65;
    %pushi/vec4 0, 0, 32;
    %store/vec4 v0x563bf075d2b0_0, 0, 32;
T_3.18 ;
    %load/vec4 v0x563bf075d2b0_0;
    %cmpi/s 65, 0, 32;
    %jmp/0xz T_3.19, 5;
    %pushi/vec4 4294967295, 0, 32;
    %concati/vec4 4294967294, 0, 32;
    %concati/vec4 0, 0, 1;
    %store/vec4 v0x563bf075d030_0, 0, 65;
    %pushi/vec4 0, 0, 32;
    %store/vec4 v0x563bf075d3e0_0, 0, 32;
T_3.20 ;
    %load/vec4 v0x563bf075d3e0_0;
    %cmpi/s 65, 0, 32;
    %jmp/0xz T_3.21, 5;
    %delay 1, 0;
    %load/vec4 v0x563bf075cf70_0;
    %load/vec4 v0x563bf075d030_0;
    %mul;
    %store/vec4 v0x563bf075d1d0_0, 0, 65;
    %load/vec4 v0x563bf075d100_0;
    %load/vec4 v0x563bf075d1d0_0;
    %cmp/ne;
    %flag_mov 8, 4;
    %load/vec4 v0x563bf075d100_0;
    %load/vec4 v0x563bf075d580_0;
    %cmp/ne;
    %flag_or 4, 8;
    %jmp/0xz  T_3.22, 4;
	  %vpi_call 2 115 "$display", "a=%h b=%h c=%h d=%h s=%h", v0x563bf075cf70_0, v0x563bf075d030_0, v0x563bf075d100_0, v0x563bf075d1d0_0, v0x563bf075d580_0 {0 0 0};
    %pushi/vec4 1, 0, 1;
    %store/vec4 v0x563bf075d4c0_0, 0, 1;
T_3.22 ;
    %load/vec4 v0x563bf075d030_0;
    %parti/s 64, 0, 2;
    %concati/vec4 1, 0, 1;
    %store/vec4 v0x563bf075d030_0, 0, 65;
    %load/vec4 v0x563bf075d3e0_0;
    %addi 1, 0, 32;
    %store/vec4 v0x563bf075d3e0_0, 0, 32;
    %jmp T_3.20;
T_3.21 ;
    %load/vec4 v0x563bf075cf70_0;
    %parti/s 64, 0, 2;
    %concati/vec4 1, 0, 1;
    %store/vec4 v0x563bf075cf70_0, 0, 65;
    %load/vec4 v0x563bf075d2b0_0;
    %addi 1, 0, 32;
    %store/vec4 v0x563bf075d2b0_0, 0, 32;
    %jmp T_3.18;
T_3.19 ;
    %pushi/vec4 5, 0, 65;
    %store/vec4 v0x563bf075cf70_0, 0, 65;
    %pushi/vec4 0, 0, 32;
    %store/vec4 v0x563bf075d2b0_0, 0, 32;
T_3.24 ;
    %load/vec4 v0x563bf075d2b0_0;
    %cmpi/s 65, 0, 32;
    %jmp/0xz T_3.25, 5;
    %pushi/vec4 5, 0, 65;
    %store/vec4 v0x563bf075d030_0, 0, 65;
    %pushi/vec4 0, 0, 32;
    %store/vec4 v0x563bf075d3e0_0, 0, 32;
T_3.26 ;
    %load/vec4 v0x563bf075d3e0_0;
    %cmpi/s 65, 0, 32;
    %jmp/0xz T_3.27, 5;
    %delay 1, 0;
    %load/vec4 v0x563bf075cf70_0;
    %load/vec4 v0x563bf075d030_0;
    %mul;
    %store/vec4 v0x563bf075d1d0_0, 0, 65;
    %load/vec4 v0x563bf075d100_0;
    %load/vec4 v0x563bf075d1d0_0;
    %cmp/ne;
    %flag_mov 8, 4;
    %load/vec4 v0x563bf075d100_0;
    %load/vec4 v0x563bf075d580_0;
    %cmp/ne;
    %flag_or 4, 8;
    %jmp/0xz  T_3.28, 4;
	  %vpi_call 2 133 "$display", "a=%h b=%h c=%h d=%h s=%h", v0x563bf075cf70_0, v0x563bf075d030_0, v0x563bf075d100_0, v0x563bf075d1d0_0, v0x563bf075d580_0 {0 0 0};
    %pushi/vec4 1, 0, 1;
    %store/vec4 v0x563bf075d4c0_0, 0, 1;
T_3.28 ;
    %load/vec4 v0x563bf075d030_0;
    %parti/s 64, 0, 2;
    %concati/vec4 0, 0, 1;
    %store/vec4 v0x563bf075d030_0, 0, 65;
    %load/vec4 v0x563bf075d3e0_0;
    %addi 1, 0, 32;
    %store/vec4 v0x563bf075d3e0_0, 0, 32;
    %jmp T_3.26;
T_3.27 ;
    %load/vec4 v0x563bf075cf70_0;
    %parti/s 64, 0, 2;
    %concati/vec4 0, 0, 1;
    %store/vec4 v0x563bf075cf70_0, 0, 65;
    %load/vec4 v0x563bf075d2b0_0;
    %addi 1, 0, 32;
    %store/vec4 v0x563bf075d2b0_0, 0, 32;
    %jmp T_3.24;
T_3.25 ;
    %pushi/vec4 4294967295, 0, 32;
    %concati/vec4 4294967293, 0, 32;
    %concati/vec4 0, 0, 1;
    %store/vec4 v0x563bf075cf70_0, 0, 65;
    %pushi/vec4 0, 0, 32;
    %store/vec4 v0x563bf075d2b0_0, 0, 32;
T_3.30 ;
    %load/vec4 v0x563bf075d2b0_0;
    %cmpi/s 65, 0, 32;
    %jmp/0xz T_3.31, 5;
    %pushi/vec4 4294967295, 0, 32;
    %concati/vec4 4294967293, 0, 32;
    %concati/vec4 0, 0, 1;
    %store/vec4 v0x563bf075d030_0, 0, 65;
    %pushi/vec4 0, 0, 32;
    %store/vec4 v0x563bf075d3e0_0, 0, 32;
T_3.32 ;
    %load/vec4 v0x563bf075d3e0_0;
    %cmpi/s 65, 0, 32;
    %jmp/0xz T_3.33, 5;
    %delay 1, 0;
    %load/vec4 v0x563bf075cf70_0;
    %load/vec4 v0x563bf075d030_0;
    %mul;
    %store/vec4 v0x563bf075d1d0_0, 0, 65;
    %load/vec4 v0x563bf075d100_0;
    %load/vec4 v0x563bf075d1d0_0;
    %cmp/ne;
    %flag_mov 8, 4;
    %load/vec4 v0x563bf075d100_0;
    %load/vec4 v0x563bf075d580_0;
    %cmp/ne;
    %flag_or 4, 8;
    %jmp/0xz  T_3.34, 4;
	  %vpi_call 2 151 "$display", "a=%h b=%h c=%h d=%h s=%h", v0x563bf075cf70_0, v0x563bf075d030_0, v0x563bf075d100_0, v0x563bf075d1d0_0, v0x563bf075d580_0 {0 0 0};
    %pushi/vec4 1, 0, 1;
    %store/vec4 v0x563bf075d4c0_0, 0, 1;
T_3.34 ;
    %load/vec4 v0x563bf075d030_0;
    %parti/s 64, 0, 2;
    %concati/vec4 1, 0, 1;
    %store/vec4 v0x563bf075d030_0, 0, 65;
    %load/vec4 v0x563bf075d3e0_0;
    %addi 1, 0, 32;
    %store/vec4 v0x563bf075d3e0_0, 0, 32;
    %jmp T_3.32;
T_3.33 ;
    %load/vec4 v0x563bf075cf70_0;
    %parti/s 64, 0, 2;
    %concati/vec4 1, 0, 1;
    %store/vec4 v0x563bf075cf70_0, 0, 65;
    %load/vec4 v0x563bf075d2b0_0;
    %addi 1, 0, 32;
    %store/vec4 v0x563bf075d2b0_0, 0, 32;
    %jmp T_3.30;
T_3.31 ;
    %load/vec4 v0x563bf075d4c0_0;
    %flag_set/vec4 8;
    %jmp/0xz  T_3.36, 8;
	  %vpi_call 2 159 "$display", "FAILED" {0 0 0};
    %jmp T_3.37;
T_3.36 ;
	  %vpi_call 2 159 "$display", "PASSED" {0 0 0};
T_3.37 ;
    %vpi_call 2 160 "$finish" {0 0 0};
    %end;
    .thread T_3;
# The file index is used to find the file name in the following table.
:file_names 3;
    "N/A";
    "<interactive>";
    "case1011/case2/has_multi_driver/case2/multiply_large.v";
