#! /usr/local/bin/vvp
:ivl_version "11.0 (devel)" "(s20150603-911-gd1d6c0f5-dirty)";
:ivl_delay_selection "TYPICAL";
:vpi_time_precision + 0;
:vpi_module "/usr/local/lib/ivl/system.vpi";
:vpi_module "/usr/local/lib/ivl/vhdl_sys.vpi";
:vpi_module "/usr/local/lib/ivl/vhdl_textio.vpi";
:vpi_module "/usr/local/lib/ivl/v2005_math.vpi";
:vpi_module "/usr/local/lib/ivl/va_math.vpi";
S_0x556f5cf81950 .scope module, "conflict" "conflict" 2 1;
 .timescale 0 0;
    .port_info 0 /INPUT 1 "clk";
    .port_info 1 /INPUT 1 "a";
    .port_info 2 /INPUT 1 "b";
    .port_info 3 /INPUT 1 "e";
    .port_info 4 /OUTPUT 4 "q";
    .port_info 5 /OUTPUT 4 "comb_q";
o0x7feba8f95018 .functor BUFZ 1, C4<z>; HiZ drive
v0x556f5cfa60f0_0 .net "a", 0 0, o0x7feba8f95018;  0 drivers
o0x7feba8f95048 .functor BUFZ 1, C4<z>; HiZ drive
v0x556f5cfcac70_0 .net "b", 0 0, o0x7feba8f95048;  0 drivers
o0x7feba8f95078 .functor BUFZ 1, C4<z>; HiZ drive
v0x556f5cfcad30_0 .net "clk", 0 0, o0x7feba8f95078;  0 drivers
v0x556f5cfcadd0_0 .var "comb_q", 3 0;
o0x7feba8f950d8 .functor BUFZ 1, C4<z>; HiZ drive
v0x556f5cfcaeb0_0 .net "e", 0 0, o0x7feba8f950d8;  0 drivers
v0x556f5cfcafc0_0 .var/i "i", 31 0;
v0x556f5cfcb0a0_0 .var "q", 3 0;
E_0x556f5cfb7d10 .event edge, v0x556f5cfcaeb0_0;
E_0x556f5cfb88a0 .event posedge, v0x556f5cfcad30_0;
    .scope S_0x556f5cf81950;
T_0 ;
    %wait E_0x556f5cfb88a0;
    %pushi/vec4 2, 0, 32;
    %store/vec4 v0x556f5cfcafc0_0, 0, 32;
T_0.0 ;
    %load/vec4 v0x556f5cfcafc0_0;
    %cmpi/s 4, 0, 32;
    %jmp/0xz T_0.1, 5;
    %load/vec4 v0x556f5cfa60f0_0;
    %load/vec4 v0x556f5cfcac70_0;
    %and;
    %ix/load 5, 0, 0;
    %ix/getv/s 4, v0x556f5cfcafc0_0;
    %assign/vec4/off/d v0x556f5cfcb0a0_0, 4, 5;
    ; show_stmt_assign_vector: Get l-value for compressed += operand
    %load/vec4 v0x556f5cfcafc0_0;
    %pushi/vec4 1, 0, 32;
    %add;
    %store/vec4 v0x556f5cfcafc0_0, 0, 32;
    %jmp T_0.0;
T_0.1 ;
    %jmp T_0;
    .thread T_0;
    .scope S_0x556f5cf81950;
T_1 ;
    %wait E_0x556f5cfb88a0;
    %pushi/vec4 0, 0, 32;
    %store/vec4 v0x556f5cfcafc0_0, 0, 32;
T_1.0 ;
    %load/vec4 v0x556f5cfcafc0_0;
    %cmpi/s 3, 0, 32;
    %jmp/0xz T_1.1, 5;
    %load/vec4 v0x556f5cfa60f0_0;
    %load/vec4 v0x556f5cfcac70_0;
    %or;
    %ix/load 5, 0, 0;
    %ix/getv/s 4, v0x556f5cfcafc0_0;
    %assign/vec4/off/d v0x556f5cfcb0a0_0, 4, 5;
    ; show_stmt_assign_vector: Get l-value for compressed += operand
    %load/vec4 v0x556f5cfcafc0_0;
    %pushi/vec4 1, 0, 32;
    %add;
    %store/vec4 v0x556f5cfcafc0_0, 0, 32;
    %jmp T_1.0;
T_1.1 ;
    %jmp T_1;
    .thread T_1;
    .scope S_0x556f5cf81950;
T_2 ;
    %wait E_0x556f5cfb7d10;
    %pushi/vec4 0, 0, 32;
    %store/vec4 v0x556f5cfcafc0_0, 0, 32;
T_2.0 ;
    %load/vec4 v0x556f5cfcafc0_0;
    %cmpi/s 4, 0, 32;
    %jmp/0xz T_2.1, 5;
    %load/vec4 v0x556f5cfcaeb0_0;
    %ix/getv/s 4, v0x556f5cfcafc0_0;
    %store/vec4 v0x556f5cfcadd0_0, 4, 1;
    ; show_stmt_assign_vector: Get l-value for compressed += operand
    %load/vec4 v0x556f5cfcafc0_0;
    %pushi/vec4 1, 0, 32;
    %add;
    %store/vec4 v0x556f5cfcafc0_0, 0, 32;
    %jmp T_2.0;
T_2.1 ;
    %jmp T_2;
    .thread T_2, $push;
# The file index is used to find the file name in the following table.
:file_names 3;
    "N/A";
    "<interactive>";
    "conflict.v";
